build/app/intermediates/manifest_merge_blame_file/release/manifest-merger-blame-release-report.txt
1<?xml version="1.0" encoding="utf-8"?>
2<manifest xmlns:android="http://schemas.android.com/apk/res/android"
3    package="com.example.payment_app"
4    android:versionCode="1"
5    android:versionName="1.0.0" >
6
7    <uses-sdk
8        android:minSdkVersion="21"
8-->src/main/AndroidManifest.xml
9        android:targetSdkVersion="34" />
9-->src/main/AndroidManifest.xml
10
11    <uses-permission android:name="android.permission.BLUETOOTH_ADMIN" />
11-->src/main/AndroidManifest.xml:2:4-73
11-->src/main/AndroidManifest.xml:2:21-70
12    <uses-permission android:name="android.permission.BLUETOOTH" />
12-->src/main/AndroidManifest.xml:4:4-67
12-->src/main/AndroidManifest.xml:4:21-64
13    <uses-permission android:name="android.permission.INTERNET" />
13-->src/main/AndroidManifest.xml:5:4-65
13-->src/main/AndroidManifest.xml:5:21-63
14    <uses-permission android:name="android.permission.ACCESS_FINE_LOCATION" />
14-->src/main/AndroidManifest.xml:6:4-78
14-->src/main/AndroidManifest.xml:6:21-75
15    <uses-permission android:name="android.permission.ACCESS_COARSE_LOCATION" />
15-->[:blue_thermal_printer] AndroidManifest.xml:9:5-81
15-->[:blue_thermal_printer] AndroidManifest.xml:9:22-78
16    <uses-permission android:name="android.permission.BLUETOOTH_SCAN" />
16-->[:blue_thermal_printer] AndroidManifest.xml:21:5-73
16-->[:blue_thermal_printer] AndroidManifest.xml:21:22-70
17    <!--
18         Needed only if your app makes the device discoverable to Bluetooth
19         devices.
20    -->
21    <uses-permission android:name="android.permission.BLUETOOTH_ADVERTISE" />
21-->[:blue_thermal_printer] AndroidManifest.xml:27:5-78
21-->[:blue_thermal_printer] AndroidManifest.xml:27:22-75
22    <!--
23         Needed only if your app communicates with already-paired Bluetooth
24         devices.
25    -->
26    <uses-permission android:name="android.permission.BLUETOOTH_CONNECT" />
26-->[:blue_thermal_printer] AndroidManifest.xml:33:5-76
26-->[:blue_thermal_printer] AndroidManifest.xml:33:22-73
27
28    <permission
28-->[androidx.core:core:1.13.1] AndroidManifest.xml:22:5-24:47
29        android:name="com.example.payment_app.DYNAMIC_RECEIVER_NOT_EXPORTED_PERMISSION"
29-->[androidx.core:core:1.13.1] AndroidManifest.xml:23:9-81
30        android:protectionLevel="signature" />
30-->[androidx.core:core:1.13.1] AndroidManifest.xml:24:9-44
31
32    <uses-permission android:name="com.example.payment_app.DYNAMIC_RECEIVER_NOT_EXPORTED_PERMISSION" />
32-->[androidx.core:core:1.13.1] AndroidManifest.xml:26:5-97
32-->[androidx.core:core:1.13.1] AndroidManifest.xml:26:22-94
33    <uses-permission android:name="android.permission.CAMERA" /> <!-- Don't require camera, as this requires a rear camera. This allows it to work on the Nexus 7 -->
33-->[com.journeyapps:zxing-android-embedded:3.6.0] AndroidManifest.xml:22:5-65
33-->[com.journeyapps:zxing-android-embedded:3.6.0] AndroidManifest.xml:22:22-62
34    <uses-feature
34-->[com.journeyapps:zxing-android-embedded:3.6.0] AndroidManifest.xml:25:5-27:36
35        android:name="android.hardware.camera"
35-->[com.journeyapps:zxing-android-embedded:3.6.0] AndroidManifest.xml:26:9-47
36        android:required="false" />
36-->[com.journeyapps:zxing-android-embedded:3.6.0] AndroidManifest.xml:27:9-33
37    <uses-feature
37-->[com.journeyapps:zxing-android-embedded:3.6.0] AndroidManifest.xml:28:5-30:36
38        android:name="android.hardware.camera.front"
38-->[com.journeyapps:zxing-android-embedded:3.6.0] AndroidManifest.xml:29:9-53
39        android:required="false" /> <!-- TODO replace above two with next line after Android 4.2 -->
39-->[com.journeyapps:zxing-android-embedded:3.6.0] AndroidManifest.xml:30:9-33
40    <!-- <uses-feature android:name="android.hardware.camera.any"/> -->
41    <uses-feature
41-->[com.journeyapps:zxing-android-embedded:3.6.0] AndroidManifest.xml:33:5-35:36
42        android:name="android.hardware.camera.autofocus"
42-->[com.journeyapps:zxing-android-embedded:3.6.0] AndroidManifest.xml:34:9-57
43        android:required="false" />
43-->[com.journeyapps:zxing-android-embedded:3.6.0] AndroidManifest.xml:35:9-33
44    <uses-feature
44-->[com.journeyapps:zxing-android-embedded:3.6.0] AndroidManifest.xml:36:5-38:36
45        android:name="android.hardware.camera.flash"
45-->[com.journeyapps:zxing-android-embedded:3.6.0] AndroidManifest.xml:37:9-53
46        android:required="false" />
46-->[com.journeyapps:zxing-android-embedded:3.6.0] AndroidManifest.xml:38:9-33
47    <uses-feature
47-->[com.journeyapps:zxing-android-embedded:3.6.0] AndroidManifest.xml:39:5-41:36
48        android:name="android.hardware.screen.landscape"
48-->[com.journeyapps:zxing-android-embedded:3.6.0] AndroidManifest.xml:40:9-57
49        android:required="false" />
49-->[com.journeyapps:zxing-android-embedded:3.6.0] AndroidManifest.xml:41:9-33
50    <uses-feature
50-->[com.journeyapps:zxing-android-embedded:3.6.0] AndroidManifest.xml:42:5-44:36
51        android:name="android.hardware.wifi"
51-->[com.journeyapps:zxing-android-embedded:3.6.0] AndroidManifest.xml:43:9-45
52        android:required="false" />
52-->[com.journeyapps:zxing-android-embedded:3.6.0] AndroidManifest.xml:44:9-33
53
54    <application
55        android:name="android.app.Application"
55-->src/main/AndroidManifest.xml:9:9-42
56        android:appComponentFactory="androidx.core.app.CoreComponentFactory"
56-->[androidx.core:core:1.13.1] AndroidManifest.xml:28:18-86
57        android:icon="@mipmap/ic_launcher"
57-->src/main/AndroidManifest.xml:10:9-43
58        android:label="A2Z Epay" >
58-->src/main/AndroidManifest.xml:8:9-33
59        <activity
59-->src/main/AndroidManifest.xml:11:9-31:20
60            android:name="com.example.payment_app.MainActivity"
60-->src/main/AndroidManifest.xml:12:13-41
61            android:configChanges="orientation|keyboardHidden|keyboard|screenSize|smallestScreenSize|locale|layoutDirection|fontScale|screenLayout|density|uiMode"
61-->src/main/AndroidManifest.xml:16:13-163
62            android:exported="true"
62-->src/main/AndroidManifest.xml:13:13-36
63            android:hardwareAccelerated="true"
63-->src/main/AndroidManifest.xml:17:13-47
64            android:launchMode="singleTop"
64-->src/main/AndroidManifest.xml:14:13-43
65            android:theme="@style/LaunchTheme"
65-->src/main/AndroidManifest.xml:15:13-47
66            android:windowSoftInputMode="adjustResize" >
66-->src/main/AndroidManifest.xml:18:13-55
67
68            <!--
69                 Specifies an Android theme to apply to this Activity as soon as
70                 the Android process has started. This theme is visible to the user
71                 while the Flutter UI initializes. After that, this theme continues
72                 to determine the Window background behind the Flutter UI.
73            -->
74            <meta-data
74-->src/main/AndroidManifest.xml:23:13-26:17
75                android:name="io.flutter.embedding.android.NormalTheme"
75-->src/main/AndroidManifest.xml:24:15-70
76                android:resource="@style/NormalTheme" />
76-->src/main/AndroidManifest.xml:25:15-52
77
78            <intent-filter>
78-->src/main/AndroidManifest.xml:27:13-30:29
79                <action android:name="android.intent.action.MAIN" />
79-->src/main/AndroidManifest.xml:28:17-68
79-->src/main/AndroidManifest.xml:28:25-66
80
81                <category android:name="android.intent.category.LAUNCHER" />
81-->src/main/AndroidManifest.xml:29:17-76
81-->src/main/AndroidManifest.xml:29:27-74
82            </intent-filter>
83        </activity>
84        <!--
85             Don't delete the meta-data below.
86             This is used by the Flutter tool to generate GeneratedPluginRegistrant.java
87        -->
88        <meta-data
88-->src/main/AndroidManifest.xml:34:9-36:33
89            android:name="flutterEmbedding"
89-->src/main/AndroidManifest.xml:35:13-44
90            android:value="2" />
90-->src/main/AndroidManifest.xml:36:13-30
91        <!--
92           Declares a provider which allows us to store files to share in
93           '.../caches/share_plus' and grant the receiving action access
94        -->
95        <provider
95-->[:share_plus] AndroidManifest.xml:15:9-23:20
96            android:name="dev.fluttercommunity.plus.share.ShareFileProvider"
96-->[:share_plus] AndroidManifest.xml:16:13-77
97            android:authorities="com.example.payment_app.flutter.share_provider"
97-->[:share_plus] AndroidManifest.xml:17:13-74
98            android:exported="false"
98-->[:share_plus] AndroidManifest.xml:18:13-37
99            android:grantUriPermissions="true" >
99-->[:share_plus] AndroidManifest.xml:19:13-47
100            <meta-data
100-->[:share_plus] AndroidManifest.xml:20:13-22:68
101                android:name="android.support.FILE_PROVIDER_PATHS"
101-->[:share_plus] AndroidManifest.xml:21:17-67
102                android:resource="@xml/flutter_share_file_paths" />
102-->[:share_plus] AndroidManifest.xml:22:17-65
103        </provider>
104        <!--
105           This manifest declared broadcast receiver allows us to use an explicit
106           Intent when creating a PendingItent to be informed of the user's choice
107        -->
108        <receiver
108-->[:share_plus] AndroidManifest.xml:28:9-34:20
109            android:name="dev.fluttercommunity.plus.share.SharePlusPendingIntent"
109-->[:share_plus] AndroidManifest.xml:29:13-82
110            android:exported="false" >
110-->[:share_plus] AndroidManifest.xml:30:13-37
111            <intent-filter>
111-->[:share_plus] AndroidManifest.xml:31:13-33:29
112                <action android:name="EXTRA_CHOSEN_COMPONENT" />
112-->[:share_plus] AndroidManifest.xml:32:17-65
112-->[:share_plus] AndroidManifest.xml:32:25-62
113            </intent-filter>
114        </receiver>
115
116        <provider
116-->[androidx.emoji2:emoji2:1.0.0] AndroidManifest.xml:26:9-34:20
117            android:name="androidx.startup.InitializationProvider"
117-->[androidx.emoji2:emoji2:1.0.0] AndroidManifest.xml:27:13-67
118            android:authorities="com.example.payment_app.androidx-startup"
118-->[androidx.emoji2:emoji2:1.0.0] AndroidManifest.xml:28:13-68
119            android:exported="false" >
119-->[androidx.emoji2:emoji2:1.0.0] AndroidManifest.xml:29:13-37
120            <meta-data
120-->[androidx.emoji2:emoji2:1.0.0] AndroidManifest.xml:31:13-33:52
121                android:name="androidx.emoji2.text.EmojiCompatInitializer"
121-->[androidx.emoji2:emoji2:1.0.0] AndroidManifest.xml:32:17-75
122                android:value="androidx.startup" />
122-->[androidx.emoji2:emoji2:1.0.0] AndroidManifest.xml:33:17-49
123            <meta-data
123-->[androidx.lifecycle:lifecycle-process:2.7.0] AndroidManifest.xml:29:13-31:52
124                android:name="androidx.lifecycle.ProcessLifecycleInitializer"
124-->[androidx.lifecycle:lifecycle-process:2.7.0] AndroidManifest.xml:30:17-78
125                android:value="androidx.startup" />
125-->[androidx.lifecycle:lifecycle-process:2.7.0] AndroidManifest.xml:31:17-49
126            <meta-data
126-->[androidx.profileinstaller:profileinstaller:1.3.1] AndroidManifest.xml:29:13-31:52
127                android:name="androidx.profileinstaller.ProfileInstallerInitializer"
127-->[androidx.profileinstaller:profileinstaller:1.3.1] AndroidManifest.xml:30:17-85
128                android:value="androidx.startup" />
128-->[androidx.profileinstaller:profileinstaller:1.3.1] AndroidManifest.xml:31:17-49
129        </provider>
130
131        <uses-library
131-->[androidx.window:window:1.2.0] AndroidManifest.xml:23:9-25:40
132            android:name="androidx.window.extensions"
132-->[androidx.window:window:1.2.0] AndroidManifest.xml:24:13-54
133            android:required="false" />
133-->[androidx.window:window:1.2.0] AndroidManifest.xml:25:13-37
134        <uses-library
134-->[androidx.window:window:1.2.0] AndroidManifest.xml:26:9-28:40
135            android:name="androidx.window.sidecar"
135-->[androidx.window:window:1.2.0] AndroidManifest.xml:27:13-51
136            android:required="false" />
136-->[androidx.window:window:1.2.0] AndroidManifest.xml:28:13-37
137
138        <receiver
138-->[androidx.profileinstaller:profileinstaller:1.3.1] AndroidManifest.xml:34:9-52:20
139            android:name="androidx.profileinstaller.ProfileInstallReceiver"
139-->[androidx.profileinstaller:profileinstaller:1.3.1] AndroidManifest.xml:35:13-76
140            android:directBootAware="false"
140-->[androidx.profileinstaller:profileinstaller:1.3.1] AndroidManifest.xml:36:13-44
141            android:enabled="true"
141-->[androidx.profileinstaller:profileinstaller:1.3.1] AndroidManifest.xml:37:13-35
142            android:exported="true"
142-->[androidx.profileinstaller:profileinstaller:1.3.1] AndroidManifest.xml:38:13-36
143            android:permission="android.permission.DUMP" >
143-->[androidx.profileinstaller:profileinstaller:1.3.1] AndroidManifest.xml:39:13-57
144            <intent-filter>
144-->[androidx.profileinstaller:profileinstaller:1.3.1] AndroidManifest.xml:40:13-42:29
145                <action android:name="androidx.profileinstaller.action.INSTALL_PROFILE" />
145-->[androidx.profileinstaller:profileinstaller:1.3.1] AndroidManifest.xml:41:17-91
145-->[androidx.profileinstaller:profileinstaller:1.3.1] AndroidManifest.xml:41:25-88
146            </intent-filter>
147            <intent-filter>
147-->[androidx.profileinstaller:profileinstaller:1.3.1] AndroidManifest.xml:43:13-45:29
148                <action android:name="androidx.profileinstaller.action.SKIP_FILE" />
148-->[androidx.profileinstaller:profileinstaller:1.3.1] AndroidManifest.xml:44:17-85
148-->[androidx.profileinstaller:profileinstaller:1.3.1] AndroidManifest.xml:44:25-82
149            </intent-filter>
150            <intent-filter>
150-->[androidx.profileinstaller:profileinstaller:1.3.1] AndroidManifest.xml:46:13-48:29
151                <action android:name="androidx.profileinstaller.action.SAVE_PROFILE" />
151-->[androidx.profileinstaller:profileinstaller:1.3.1] AndroidManifest.xml:47:17-88
151-->[androidx.profileinstaller:profileinstaller:1.3.1] AndroidManifest.xml:47:25-85
152            </intent-filter>
153            <intent-filter>
153-->[androidx.profileinstaller:profileinstaller:1.3.1] AndroidManifest.xml:49:13-51:29
154                <action android:name="androidx.profileinstaller.action.BENCHMARK_OPERATION" />
154-->[androidx.profileinstaller:profileinstaller:1.3.1] AndroidManifest.xml:50:17-95
154-->[androidx.profileinstaller:profileinstaller:1.3.1] AndroidManifest.xml:50:25-92
155            </intent-filter>
156        </receiver>
157
158        <activity
158-->[com.journeyapps:zxing-android-embedded:3.6.0] AndroidManifest.xml:47:9-53:63
159            android:name="com.journeyapps.barcodescanner.CaptureActivity"
159-->[com.journeyapps:zxing-android-embedded:3.6.0] AndroidManifest.xml:48:13-74
160            android:clearTaskOnLaunch="true"
160-->[com.journeyapps:zxing-android-embedded:3.6.0] AndroidManifest.xml:49:13-45
161            android:screenOrientation="sensorLandscape"
161-->[com.journeyapps:zxing-android-embedded:3.6.0] AndroidManifest.xml:50:13-56
162            android:stateNotNeeded="true"
162-->[com.journeyapps:zxing-android-embedded:3.6.0] AndroidManifest.xml:51:13-42
163            android:theme="@style/zxing_CaptureTheme"
163-->[com.journeyapps:zxing-android-embedded:3.6.0] AndroidManifest.xml:52:13-54
164            android:windowSoftInputMode="stateAlwaysHidden" />
164-->[com.journeyapps:zxing-android-embedded:3.6.0] AndroidManifest.xml:53:13-60
165    </application>
166
167</manifest>